[debug] [2018-07-23T01:09:03.969Z] ----------------------------------------------------------------------
[debug] [2018-07-23T01:09:03.971Z] Command:       /usr/local/bin/node /usr/local/bin/firebase deploy
[debug] [2018-07-23T01:09:03.972Z] CLI Version:   3.19.3
[debug] [2018-07-23T01:09:03.972Z] Platform:      darwin
[debug] [2018-07-23T01:09:03.972Z] Node Version:  v8.11.3
[debug] [2018-07-23T01:09:03.973Z] Time:          Sun Jul 22 2018 21:09:03 GMT-0400 (EDT)
[debug] [2018-07-23T01:09:03.973Z] ----------------------------------------------------------------------
[debug] 
[debug] [2018-07-23T01:09:03.983Z] > command requires scopes: ["email","openid","https://www.googleapis.com/auth/cloudplatformprojects.readonly","https://www.googleapis.com/auth/firebase","https://www.googleapis.com/auth/cloud-platform"]
[debug] [2018-07-23T01:09:03.983Z] > authorizing via signed-in user
[debug] [2018-07-23T01:09:03.986Z] > refreshing access token with scopes: ["email","https://www.googleapis.com/auth/cloud-platform","https://www.googleapis.com/auth/cloudplatformprojects.readonly","https://www.googleapis.com/auth/firebase","openid"]
[debug] [2018-07-23T01:09:03.987Z] >>> HTTP REQUEST POST https://www.googleapis.com/oauth2/v3/token  
 { refresh_token: '1/_DUbLoAWo2aVb2VHDtpdTBGO6Z0EC-xiZQ5fbMAvyto',
  client_id: '563584335869-fgrhgmd47bqnekij5i8b5pr03ho849e6.apps.googleusercontent.com',
  client_secret: 'j9iVZfS8kkCEFUPaAeJV0sAi',
  grant_type: 'refresh_token',
  scope: 'email https://www.googleapis.com/auth/cloud-platform https://www.googleapis.com/auth/cloudplatformprojects.readonly https://www.googleapis.com/auth/firebase openid' } 
 Sun Jul 22 2018 21:09:03 GMT-0400 (EDT)
[debug] [2018-07-23T01:09:04.204Z] <<< HTTP RESPONSE 200
[debug] [2018-07-23T01:09:04.211Z] >>> HTTP REQUEST GET https://admin.firebase.com/v1/projects/stealth-exchange  
  
 Sun Jul 22 2018 21:09:04 GMT-0400 (EDT)
[debug] [2018-07-23T01:09:04.477Z] <<< HTTP RESPONSE 200
[debug] [2018-07-23T01:09:04.479Z] >>> HTTP REQUEST GET https://admin.firebase.com/v1/database/stealth-exchange/tokens  
  
 Sun Jul 22 2018 21:09:04 GMT-0400 (EDT)
[debug] [2018-07-23T01:09:04.945Z] <<< HTTP RESPONSE 200
[info] 
[info] === Deploying to 'stealth-exchange'...
[info] 
[info] i  deploying hosting
[info] i  hosting: preparing public directory for upload...
[debug] [2018-07-23T01:09:11.029Z] >>> HTTP REQUEST PUT https://deploy.firebase.com/v1/hosting/stealth-exchange/uploads/-LI3fgHn-JUuNRiXTxAc?fileCount=174&message=  
  
 Sun Jul 22 2018 21:09:11 GMT-0400 (EDT)
